swipeListViewExampleActivity/build/outputs/logs/manifest-merger-debug-report.txt
-- Merging decision tree log ---
manifest
ADDED from src\main\AndroidManifest.xml:20:1-43:12
	package
		ADDED from src\main\AndroidManifest.xml:21:3-52
		INJECTED from src\main\AndroidManifest.xml
		INJECTED from src\main\AndroidManifest.xml
	android:versionName
		ADDED from src\main\AndroidManifest.xml:21:77-103
	android:versionCode
		ADDED from src\main\AndroidManifest.xml:21:53-76
		INJECTED from src\main\AndroidManifest.xml
		INJECTED from src\main\AndroidManifest.xml
	xmlns:android
		ADDED from src\main\AndroidManifest.xml:20:11-69
uses-sdk
ADDED from src\main\AndroidManifest.xml:23:3-24:45
MERGED from [SwipeListViewExampleActivity1:swipelistview:unspecified] AndroidManifest.xml:24:5-26:41
	android:targetSdkVersion
		ADDED from src\main\AndroidManifest.xml:24:13-42
		INJECTED from src\main\AndroidManifest.xml
		INJECTED from src\main\AndroidManifest.xml
	android:minSdkVersion
		ADDED from src\main\AndroidManifest.xml:23:13-38
		INJECTED from src\main\AndroidManifest.xml
		INJECTED from src\main\AndroidManifest.xml
application
ADDED from src\main\AndroidManifest.xml:26:5-41:19
	android:label
		ADDED from src\main\AndroidManifest.xml:28:13-44
	android:hardwareAccelerated
		ADDED from src\main\AndroidManifest.xml:30:13-47
	android:allowBackup
		ADDED from src\main\AndroidManifest.xml:31:13-40
	android:icon
		ADDED from src\main\AndroidManifest.xml:27:13-42
	android:theme
		ADDED from src\main\AndroidManifest.xml:29:13-55
activity#com.fortysevendeg.android.swipelistview.sample.activities.SwipeListViewExampleActivity
ADDED from src\main\AndroidManifest.xml:33:9-38:20
	android:name
		ADDED from src\main\AndroidManifest.xml:33:19-81
intent-filter#android.intent.action.MAIN+android.intent.category.LAUNCHER
ADDED from src\main\AndroidManifest.xml:34:13-37:29
action#android.intent.action.MAIN
ADDED from src\main\AndroidManifest.xml:35:17-68
	android:name
		ADDED from src\main\AndroidManifest.xml:35:25-66
category#android.intent.category.LAUNCHER
ADDED from src\main\AndroidManifest.xml:36:17-76
	android:name
		ADDED from src\main\AndroidManifest.xml:36:27-74
activity#com.fortysevendeg.android.swipelistview.sample.activities.SettingsActivity
ADDED from src\main\AndroidManifest.xml:39:9-119
	android:windowSoftInputMode
		ADDED from src\main\AndroidManifest.xml:39:70-117
	android:name
		ADDED from src\main\AndroidManifest.xml:39:19-69